ERROR - 2023-07-23 20:50:04 --> Email: sendWithSmtp throwed ErrorException: fsockopen(): Unable to connect to smtp.gmail.com:25 (Uma tentativa de conexão falhou porque o componente conectado não respondeu
corretamente após um período de tempo ou a conexão estabelecida falhou
porque o host conectado não respondeu) in C:\xampp\htdocs\IFNMG\email\system\Email\Email.php:1868
Stack trace:
#0 [internal function]: CodeIgniter\Debug\Exceptions->errorHandler(2, 'fsockopen(): Un...', 'C:\\xampp\\htdocs...', 1868)
#1 C:\xampp\htdocs\IFNMG\email\system\Email\Email.php(1868): fsockopen('smtp.gmail.com', 25, NULL, NULL, 5)
#2 C:\xampp\htdocs\IFNMG\email\system\Email\Email.php(1782): CodeIgniter\Email\Email->SMTPConnect()
#3 C:\xampp\htdocs\IFNMG\email\system\Email\Email.php(1667): CodeIgniter\Email\Email->sendWithSmtp()
#4 C:\xampp\htdocs\IFNMG\email\system\Email\Email.php(1565): CodeIgniter\Email\Email->spoolEmail()
#5 C:\xampp\htdocs\IFNMG\email\app\Controllers\Home.php(21): CodeIgniter\Email\Email->send()
#6 C:\xampp\htdocs\IFNMG\email\system\CodeIgniter.php(932): App\Controllers\Home->index()
#7 C:\xampp\htdocs\IFNMG\email\system\CodeIgniter.php(497): CodeIgniter\CodeIgniter->runController(Object(App\Controllers\Home))
#8 C:\xampp\htdocs\IFNMG\email\system\CodeIgniter.php(366): CodeIgniter\CodeIgniter->handleRequest(NULL, Object(Config\Cache), false)
#9 C:\xampp\htdocs\IFNMG\email\public\index.php(67): CodeIgniter\CodeIgniter->run()
#10 {main}
ERROR - 2023-07-23 20:50:04 --> Email: Unable to send email using SMTP. Your server might not be configured to send mail using this method.
ERROR - 2023-07-23 20:50:04 --> 
ERROR - 2023-07-23 20:50:04 --> Email: sendWithSmtp throwed ErrorException: fsockopen(): Unable to connect to smtp.gmail.com:25 (Uma tentativa de conexão falhou porque o componente conectado não respondeu
corretamente após um período de tempo ou a conexão estabelecida falhou
porque o host conectado não respondeu) in C:\xampp\htdocs\IFNMG\email\system\Email\Email.php:1868
Stack trace:
#0 [internal function]: CodeIgniter\Debug\Exceptions->errorHandler(2, 'fsockopen(): Un...', 'C:\\xampp\\htdocs...', 1868)
#1 C:\xampp\htdocs\IFNMG\email\system\Email\Email.php(1868): fsockopen('smtp.gmail.com', 25, NULL, NULL, 5)
#2 C:\xampp\htdocs\IFNMG\email\system\Email\Email.php(1782): CodeIgniter\Email\Email->SMTPConnect()
#3 C:\xampp\htdocs\IFNMG\email\system\Email\Email.php(1667): CodeIgniter\Email\Email->sendWithSmtp()
#4 C:\xampp\htdocs\IFNMG\email\system\Email\Email.php(1565): CodeIgniter\Email\Email->spoolEmail()
#5 C:\xampp\htdocs\IFNMG\email\app\Controllers\Home.php(21): CodeIgniter\Email\Email->send()
#6 C:\xampp\htdocs\IFNMG\email\system\CodeIgniter.php(932): App\Controllers\Home->index()
#7 C:\xampp\htdocs\IFNMG\email\system\CodeIgniter.php(497): CodeIgniter\CodeIgniter->runController(Object(App\Controllers\Home))
#8 C:\xampp\htdocs\IFNMG\email\system\CodeIgniter.php(366): CodeIgniter\CodeIgniter->handleRequest(NULL, Object(Config\Cache), false)
#9 C:\xampp\htdocs\IFNMG\email\public\index.php(67): CodeIgniter\CodeIgniter->run()
#10 {main}
ERROR - 2023-07-23 20:50:04 --> Email: Unable to send email using SMTP. Your server might not be configured to send mail using this method.
ERROR - 2023-07-23 20:50:04 --> 
ERROR - 2023-07-23 21:05:21 --> Email: sendWithSmtp throwed ErrorException: fsockopen(): Unable to connect to smtp.gmail.com:25 (Uma tentativa de conexão falhou porque o componente conectado não respondeu
corretamente após um período de tempo ou a conexão estabelecida falhou
porque o host conectado não respondeu) in C:\xampp\htdocs\IFNMG\email\system\Email\Email.php:1868
Stack trace:
#0 [internal function]: CodeIgniter\Debug\Exceptions->errorHandler(2, 'fsockopen(): Un...', 'C:\\xampp\\htdocs...', 1868)
#1 C:\xampp\htdocs\IFNMG\email\system\Email\Email.php(1868): fsockopen('smtp.gmail.com', 25, NULL, NULL, 5)
#2 C:\xampp\htdocs\IFNMG\email\system\Email\Email.php(1782): CodeIgniter\Email\Email->SMTPConnect()
#3 C:\xampp\htdocs\IFNMG\email\system\Email\Email.php(1667): CodeIgniter\Email\Email->sendWithSmtp()
#4 C:\xampp\htdocs\IFNMG\email\system\Email\Email.php(1565): CodeIgniter\Email\Email->spoolEmail()
#5 C:\xampp\htdocs\IFNMG\email\app\Controllers\Home.php(29): CodeIgniter\Email\Email->send()
#6 C:\xampp\htdocs\IFNMG\email\system\CodeIgniter.php(932): App\Controllers\Home->index()
#7 C:\xampp\htdocs\IFNMG\email\system\CodeIgniter.php(497): CodeIgniter\CodeIgniter->runController(Object(App\Controllers\Home))
#8 C:\xampp\htdocs\IFNMG\email\system\CodeIgniter.php(366): CodeIgniter\CodeIgniter->handleRequest(NULL, Object(Config\Cache), false)
#9 C:\xampp\htdocs\IFNMG\email\public\index.php(67): CodeIgniter\CodeIgniter->run()
#10 {main}
ERROR - 2023-07-23 21:05:21 --> Email: Unable to send email using SMTP. Your server might not be configured to send mail using this method.
ERROR - 2023-07-23 21:05:21 --> 
ERROR - 2023-07-23 21:05:27 --> Email: sendWithSmtp throwed ErrorException: fsockopen(): Unable to connect to smtp.gmail.com:25 (Uma tentativa de conexão falhou porque o componente conectado não respondeu
corretamente após um período de tempo ou a conexão estabelecida falhou
porque o host conectado não respondeu) in C:\xampp\htdocs\IFNMG\email\system\Email\Email.php:1868
Stack trace:
#0 [internal function]: CodeIgniter\Debug\Exceptions->errorHandler(2, 'fsockopen(): Un...', 'C:\\xampp\\htdocs...', 1868)
#1 C:\xampp\htdocs\IFNMG\email\system\Email\Email.php(1868): fsockopen('smtp.gmail.com', 25, NULL, NULL, 5)
#2 C:\xampp\htdocs\IFNMG\email\system\Email\Email.php(1782): CodeIgniter\Email\Email->SMTPConnect()
#3 C:\xampp\htdocs\IFNMG\email\system\Email\Email.php(1667): CodeIgniter\Email\Email->sendWithSmtp()
#4 C:\xampp\htdocs\IFNMG\email\system\Email\Email.php(1565): CodeIgniter\Email\Email->spoolEmail()
#5 C:\xampp\htdocs\IFNMG\email\app\Controllers\Home.php(29): CodeIgniter\Email\Email->send()
#6 C:\xampp\htdocs\IFNMG\email\system\CodeIgniter.php(932): App\Controllers\Home->index()
#7 C:\xampp\htdocs\IFNMG\email\system\CodeIgniter.php(497): CodeIgniter\CodeIgniter->runController(Object(App\Controllers\Home))
#8 C:\xampp\htdocs\IFNMG\email\system\CodeIgniter.php(366): CodeIgniter\CodeIgniter->handleRequest(NULL, Object(Config\Cache), false)
#9 C:\xampp\htdocs\IFNMG\email\public\index.php(67): CodeIgniter\CodeIgniter->run()
#10 {main}
ERROR - 2023-07-23 21:05:27 --> Email: Unable to send email using SMTP. Your server might not be configured to send mail using this method.
ERROR - 2023-07-23 21:05:27 --> 
