CRITICAL - 2023-07-22 04:12:47 --> syntax error, unexpected token "<"
in APPPATH\Controllers\Home.php on line 10.
 1 SYSTEMPATH\Autoloader\Autoloader.php(289): CodeIgniter\Autoloader\Autoloader->includeFile('C:\\xampp\\htdocs\\IFNMG\\email\\app\\Controllers\\Home.php')
 2 SYSTEMPATH\Autoloader\Autoloader.php(267): CodeIgniter\Autoloader\Autoloader->loadInNamespace('App\\Controllers\\Home')
 3 [internal function]: CodeIgniter\Autoloader\Autoloader->loadClass('App\\Controllers\\Home')
 4 SYSTEMPATH\CodeIgniter.php(890): class_exists('\\App\\Controllers\\Home', true)
 5 SYSTEMPATH\CodeIgniter.php(484): CodeIgniter\CodeIgniter->startController()
 6 SYSTEMPATH\CodeIgniter.php(366): CodeIgniter\CodeIgniter->handleRequest(null, Object(Config\Cache), false)
 7 FCPATH\index.php(67): CodeIgniter\CodeIgniter->run()
ERROR - 2023-07-22 04:13:29 --> Email: sendWithSmtp throwed ErrorException: fsockopen(): Unable to connect to smtp.gmail.com:25 (Uma tentativa de conexão falhou porque o componente conectado não respondeu
corretamente após um período de tempo ou a conexão estabelecida falhou
porque o host conectado não respondeu) in C:\xampp\htdocs\IFNMG\email\system\Email\Email.php:1868
Stack trace:
#0 [internal function]: CodeIgniter\Debug\Exceptions->errorHandler(2, 'fsockopen(): Un...', 'C:\\xampp\\htdocs...', 1868)
#1 C:\xampp\htdocs\IFNMG\email\system\Email\Email.php(1868): fsockopen('smtp.gmail.com', 25, NULL, NULL, 5)
#2 C:\xampp\htdocs\IFNMG\email\system\Email\Email.php(1782): CodeIgniter\Email\Email->SMTPConnect()
#3 C:\xampp\htdocs\IFNMG\email\system\Email\Email.php(1667): CodeIgniter\Email\Email->sendWithSmtp()
#4 C:\xampp\htdocs\IFNMG\email\system\Email\Email.php(1565): CodeIgniter\Email\Email->spoolEmail()
#5 C:\xampp\htdocs\IFNMG\email\app\Controllers\Home.php(21): CodeIgniter\Email\Email->send()
#6 C:\xampp\htdocs\IFNMG\email\system\CodeIgniter.php(932): App\Controllers\Home->index()
#7 C:\xampp\htdocs\IFNMG\email\system\CodeIgniter.php(497): CodeIgniter\CodeIgniter->runController(Object(App\Controllers\Home))
#8 C:\xampp\htdocs\IFNMG\email\system\CodeIgniter.php(366): CodeIgniter\CodeIgniter->handleRequest(NULL, Object(Config\Cache), false)
#9 C:\xampp\htdocs\IFNMG\email\public\index.php(67): CodeIgniter\CodeIgniter->run()
#10 {main}
ERROR - 2023-07-22 04:13:29 --> Email: Unable to send email using SMTP. Your server might not be configured to send mail using this method.
ERROR - 2023-07-22 04:13:29 --> 
ERROR - 2023-07-22 04:16:39 --> Email: sendWithSmtp throwed ErrorException: fsockopen(): Unable to connect to smtp.gmail.com:25 (Uma tentativa de conexão falhou porque o componente conectado não respondeu
corretamente após um período de tempo ou a conexão estabelecida falhou
porque o host conectado não respondeu) in C:\xampp\htdocs\IFNMG\email\system\Email\Email.php:1868
Stack trace:
#0 [internal function]: CodeIgniter\Debug\Exceptions->errorHandler(2, 'fsockopen(): Un...', 'C:\\xampp\\htdocs...', 1868)
#1 C:\xampp\htdocs\IFNMG\email\system\Email\Email.php(1868): fsockopen('smtp.gmail.com', 25, NULL, NULL, 5)
#2 C:\xampp\htdocs\IFNMG\email\system\Email\Email.php(1782): CodeIgniter\Email\Email->SMTPConnect()
#3 C:\xampp\htdocs\IFNMG\email\system\Email\Email.php(1667): CodeIgniter\Email\Email->sendWithSmtp()
#4 C:\xampp\htdocs\IFNMG\email\system\Email\Email.php(1565): CodeIgniter\Email\Email->spoolEmail()
#5 C:\xampp\htdocs\IFNMG\email\app\Controllers\Home.php(21): CodeIgniter\Email\Email->send()
#6 C:\xampp\htdocs\IFNMG\email\system\CodeIgniter.php(932): App\Controllers\Home->index()
#7 C:\xampp\htdocs\IFNMG\email\system\CodeIgniter.php(497): CodeIgniter\CodeIgniter->runController(Object(App\Controllers\Home))
#8 C:\xampp\htdocs\IFNMG\email\system\CodeIgniter.php(366): CodeIgniter\CodeIgniter->handleRequest(NULL, Object(Config\Cache), false)
#9 C:\xampp\htdocs\IFNMG\email\public\index.php(67): CodeIgniter\CodeIgniter->run()
#10 {main}
ERROR - 2023-07-22 04:16:39 --> Email: Unable to send email using SMTP. Your server might not be configured to send mail using this method.
ERROR - 2023-07-22 04:16:39 --> 
ERROR - 2023-07-22 04:17:16 --> Email: sendWithSmtp throwed ErrorException: fsockopen(): Unable to connect to smtp.gmail.com:25 (Uma tentativa de conexão falhou porque o componente conectado não respondeu
corretamente após um período de tempo ou a conexão estabelecida falhou
porque o host conectado não respondeu) in C:\xampp\htdocs\IFNMG\email\system\Email\Email.php:1868
Stack trace:
#0 [internal function]: CodeIgniter\Debug\Exceptions->errorHandler(2, 'fsockopen(): Un...', 'C:\\xampp\\htdocs...', 1868)
#1 C:\xampp\htdocs\IFNMG\email\system\Email\Email.php(1868): fsockopen('smtp.gmail.com', 25, NULL, NULL, 5)
#2 C:\xampp\htdocs\IFNMG\email\system\Email\Email.php(1782): CodeIgniter\Email\Email->SMTPConnect()
#3 C:\xampp\htdocs\IFNMG\email\system\Email\Email.php(1667): CodeIgniter\Email\Email->sendWithSmtp()
#4 C:\xampp\htdocs\IFNMG\email\system\Email\Email.php(1565): CodeIgniter\Email\Email->spoolEmail()
#5 C:\xampp\htdocs\IFNMG\email\app\Controllers\Home.php(21): CodeIgniter\Email\Email->send()
#6 C:\xampp\htdocs\IFNMG\email\system\CodeIgniter.php(932): App\Controllers\Home->index()
#7 C:\xampp\htdocs\IFNMG\email\system\CodeIgniter.php(497): CodeIgniter\CodeIgniter->runController(Object(App\Controllers\Home))
#8 C:\xampp\htdocs\IFNMG\email\system\CodeIgniter.php(366): CodeIgniter\CodeIgniter->handleRequest(NULL, Object(Config\Cache), false)
#9 C:\xampp\htdocs\IFNMG\email\public\index.php(67): CodeIgniter\CodeIgniter->run()
#10 {main}
ERROR - 2023-07-22 04:17:16 --> Email: Unable to send email using SMTP. Your server might not be configured to send mail using this method.
ERROR - 2023-07-22 04:17:16 --> 
ERROR - 2023-07-22 04:23:56 --> Email: sendWithSmtp throwed ErrorException: fsockopen(): Unable to connect to smtp.gmail.com:25 (Uma tentativa de conexão falhou porque o componente conectado não respondeu
corretamente após um período de tempo ou a conexão estabelecida falhou
porque o host conectado não respondeu) in C:\xampp\htdocs\IFNMG\email\system\Email\Email.php:1868
Stack trace:
#0 [internal function]: CodeIgniter\Debug\Exceptions->errorHandler(2, 'fsockopen(): Un...', 'C:\\xampp\\htdocs...', 1868)
#1 C:\xampp\htdocs\IFNMG\email\system\Email\Email.php(1868): fsockopen('smtp.gmail.com', 25, NULL, NULL, 5)
#2 C:\xampp\htdocs\IFNMG\email\system\Email\Email.php(1782): CodeIgniter\Email\Email->SMTPConnect()
#3 C:\xampp\htdocs\IFNMG\email\system\Email\Email.php(1667): CodeIgniter\Email\Email->sendWithSmtp()
#4 C:\xampp\htdocs\IFNMG\email\system\Email\Email.php(1565): CodeIgniter\Email\Email->spoolEmail()
#5 C:\xampp\htdocs\IFNMG\email\app\Controllers\Home.php(21): CodeIgniter\Email\Email->send()
#6 C:\xampp\htdocs\IFNMG\email\system\CodeIgniter.php(932): App\Controllers\Home->index()
#7 C:\xampp\htdocs\IFNMG\email\system\CodeIgniter.php(497): CodeIgniter\CodeIgniter->runController(Object(App\Controllers\Home))
#8 C:\xampp\htdocs\IFNMG\email\system\CodeIgniter.php(366): CodeIgniter\CodeIgniter->handleRequest(NULL, Object(Config\Cache), false)
#9 C:\xampp\htdocs\IFNMG\email\public\index.php(67): CodeIgniter\CodeIgniter->run()
#10 {main}
ERROR - 2023-07-22 04:23:56 --> Email: Unable to send email using SMTP. Your server might not be configured to send mail using this method.
ERROR - 2023-07-22 04:23:56 --> 
ERROR - 2023-07-22 04:37:47 --> Email: sendWithSmtp throwed ErrorException: fsockopen(): Unable to connect to smtp.gmail.com:25 (Uma tentativa de conexão falhou porque o componente conectado não respondeu
corretamente após um período de tempo ou a conexão estabelecida falhou
porque o host conectado não respondeu) in C:\xampp\htdocs\IFNMG\email\system\Email\Email.php:1868
Stack trace:
#0 [internal function]: CodeIgniter\Debug\Exceptions->errorHandler(2, 'fsockopen(): Un...', 'C:\\xampp\\htdocs...', 1868)
#1 C:\xampp\htdocs\IFNMG\email\system\Email\Email.php(1868): fsockopen('smtp.gmail.com', 25, NULL, NULL, 5)
#2 C:\xampp\htdocs\IFNMG\email\system\Email\Email.php(1782): CodeIgniter\Email\Email->SMTPConnect()
#3 C:\xampp\htdocs\IFNMG\email\system\Email\Email.php(1667): CodeIgniter\Email\Email->sendWithSmtp()
#4 C:\xampp\htdocs\IFNMG\email\system\Email\Email.php(1565): CodeIgniter\Email\Email->spoolEmail()
#5 C:\xampp\htdocs\IFNMG\email\app\Controllers\Home.php(21): CodeIgniter\Email\Email->send()
#6 C:\xampp\htdocs\IFNMG\email\system\CodeIgniter.php(932): App\Controllers\Home->index()
#7 C:\xampp\htdocs\IFNMG\email\system\CodeIgniter.php(497): CodeIgniter\CodeIgniter->runController(Object(App\Controllers\Home))
#8 C:\xampp\htdocs\IFNMG\email\system\CodeIgniter.php(366): CodeIgniter\CodeIgniter->handleRequest(NULL, Object(Config\Cache), false)
#9 C:\xampp\htdocs\IFNMG\email\public\index.php(67): CodeIgniter\CodeIgniter->run()
#10 {main}
ERROR - 2023-07-22 04:37:47 --> Email: Unable to send email using SMTP. Your server might not be configured to send mail using this method.
ERROR - 2023-07-22 04:37:47 --> 
ERROR - 2023-07-22 04:40:24 --> Email: sendWithSmtp throwed ErrorException: fsockopen(): Unable to connect to smtp.gmail.com:25 (Uma tentativa de conexão falhou porque o componente conectado não respondeu
corretamente após um período de tempo ou a conexão estabelecida falhou
porque o host conectado não respondeu) in C:\xampp\htdocs\IFNMG\email\system\Email\Email.php:1868
Stack trace:
#0 [internal function]: CodeIgniter\Debug\Exceptions->errorHandler(2, 'fsockopen(): Un...', 'C:\\xampp\\htdocs...', 1868)
#1 C:\xampp\htdocs\IFNMG\email\system\Email\Email.php(1868): fsockopen('smtp.gmail.com', 25, NULL, NULL, 5)
#2 C:\xampp\htdocs\IFNMG\email\system\Email\Email.php(1782): CodeIgniter\Email\Email->SMTPConnect()
#3 C:\xampp\htdocs\IFNMG\email\system\Email\Email.php(1667): CodeIgniter\Email\Email->sendWithSmtp()
#4 C:\xampp\htdocs\IFNMG\email\system\Email\Email.php(1565): CodeIgniter\Email\Email->spoolEmail()
#5 C:\xampp\htdocs\IFNMG\email\app\Controllers\Home.php(21): CodeIgniter\Email\Email->send()
#6 C:\xampp\htdocs\IFNMG\email\system\CodeIgniter.php(932): App\Controllers\Home->index()
#7 C:\xampp\htdocs\IFNMG\email\system\CodeIgniter.php(497): CodeIgniter\CodeIgniter->runController(Object(App\Controllers\Home))
#8 C:\xampp\htdocs\IFNMG\email\system\CodeIgniter.php(366): CodeIgniter\CodeIgniter->handleRequest(NULL, Object(Config\Cache), false)
#9 C:\xampp\htdocs\IFNMG\email\public\index.php(67): CodeIgniter\CodeIgniter->run()
#10 {main}
ERROR - 2023-07-22 04:40:24 --> Email: Unable to send email using SMTP. Your server might not be configured to send mail using this method.
ERROR - 2023-07-22 04:40:24 --> 
ERROR - 2023-07-22 04:51:36 --> Email: sendWithSmtp throwed ErrorException: fsockopen(): Unable to connect to smtp.gmail.com:25 (Uma tentativa de conexão falhou porque o componente conectado não respondeu
corretamente após um período de tempo ou a conexão estabelecida falhou
porque o host conectado não respondeu) in C:\xampp\htdocs\IFNMG\email\system\Email\Email.php:1868
Stack trace:
#0 [internal function]: CodeIgniter\Debug\Exceptions->errorHandler(2, 'fsockopen(): Un...', 'C:\\xampp\\htdocs...', 1868)
#1 C:\xampp\htdocs\IFNMG\email\system\Email\Email.php(1868): fsockopen('smtp.gmail.com', 25, NULL, NULL, 5)
#2 C:\xampp\htdocs\IFNMG\email\system\Email\Email.php(1782): CodeIgniter\Email\Email->SMTPConnect()
#3 C:\xampp\htdocs\IFNMG\email\system\Email\Email.php(1667): CodeIgniter\Email\Email->sendWithSmtp()
#4 C:\xampp\htdocs\IFNMG\email\system\Email\Email.php(1565): CodeIgniter\Email\Email->spoolEmail()
#5 C:\xampp\htdocs\IFNMG\email\app\Controllers\Home.php(21): CodeIgniter\Email\Email->send()
#6 C:\xampp\htdocs\IFNMG\email\system\CodeIgniter.php(932): App\Controllers\Home->index()
#7 C:\xampp\htdocs\IFNMG\email\system\CodeIgniter.php(497): CodeIgniter\CodeIgniter->runController(Object(App\Controllers\Home))
#8 C:\xampp\htdocs\IFNMG\email\system\CodeIgniter.php(366): CodeIgniter\CodeIgniter->handleRequest(NULL, Object(Config\Cache), false)
#9 C:\xampp\htdocs\IFNMG\email\public\index.php(67): CodeIgniter\CodeIgniter->run()
#10 {main}
ERROR - 2023-07-22 04:51:36 --> Email: Unable to send email using SMTP. Your server might not be configured to send mail using this method.
ERROR - 2023-07-22 04:51:36 --> 
CRITICAL - 2023-07-22 04:51:36 --> Undefined property: App\Controllers\Home::$email
in APPPATH\Controllers\Home.php on line 23.
 1 APPPATH\Controllers\Home.php(23): CodeIgniter\Debug\Exceptions->errorHandler(2, 'Undefined property: App\\Controllers\\Home::$email', 'C:\\xampp\\htdocs\\IFNMG\\email\\app\\Controllers\\Home.php', 23)
 2 SYSTEMPATH\CodeIgniter.php(932): App\Controllers\Home->index()
 3 SYSTEMPATH\CodeIgniter.php(497): CodeIgniter\CodeIgniter->runController(Object(App\Controllers\Home))
 4 SYSTEMPATH\CodeIgniter.php(366): CodeIgniter\CodeIgniter->handleRequest(null, Object(Config\Cache), false)
 5 FCPATH\index.php(67): CodeIgniter\CodeIgniter->run()
ERROR - 2023-07-22 04:52:01 --> Email: sendWithSmtp throwed ErrorException: fsockopen(): Unable to connect to smtp.gmail.com:25 (Uma tentativa de conexão falhou porque o componente conectado não respondeu
corretamente após um período de tempo ou a conexão estabelecida falhou
porque o host conectado não respondeu) in C:\xampp\htdocs\IFNMG\email\system\Email\Email.php:1868
Stack trace:
#0 [internal function]: CodeIgniter\Debug\Exceptions->errorHandler(2, 'fsockopen(): Un...', 'C:\\xampp\\htdocs...', 1868)
#1 C:\xampp\htdocs\IFNMG\email\system\Email\Email.php(1868): fsockopen('smtp.gmail.com', 25, NULL, NULL, 5)
#2 C:\xampp\htdocs\IFNMG\email\system\Email\Email.php(1782): CodeIgniter\Email\Email->SMTPConnect()
#3 C:\xampp\htdocs\IFNMG\email\system\Email\Email.php(1667): CodeIgniter\Email\Email->sendWithSmtp()
#4 C:\xampp\htdocs\IFNMG\email\system\Email\Email.php(1565): CodeIgniter\Email\Email->spoolEmail()
#5 C:\xampp\htdocs\IFNMG\email\app\Controllers\Home.php(21): CodeIgniter\Email\Email->send()
#6 C:\xampp\htdocs\IFNMG\email\system\CodeIgniter.php(932): App\Controllers\Home->index()
#7 C:\xampp\htdocs\IFNMG\email\system\CodeIgniter.php(497): CodeIgniter\CodeIgniter->runController(Object(App\Controllers\Home))
#8 C:\xampp\htdocs\IFNMG\email\system\CodeIgniter.php(366): CodeIgniter\CodeIgniter->handleRequest(NULL, Object(Config\Cache), false)
#9 C:\xampp\htdocs\IFNMG\email\public\index.php(67): CodeIgniter\CodeIgniter->run()
#10 {main}
ERROR - 2023-07-22 04:52:01 --> Email: Unable to send email using SMTP. Your server might not be configured to send mail using this method.
ERROR - 2023-07-22 04:52:01 --> 
