ERROR - 2024-01-05 13:52:13 --> Error connecting to the database: mysqli_sql_exception: Unknown database 'clientes' in C:\xampp\htdocs\IFNMG\clientes\system\Database\MySQLi\Connection.php:174
Stack trace:
#0 C:\xampp\htdocs\IFNMG\clientes\system\Database\MySQLi\Connection.php(174): mysqli->real_connect('localhost', 'root', '', 'clientes', 3306, '', 0)
#1 C:\xampp\htdocs\IFNMG\clientes\system\Database\BaseConnection.php(391): CodeIgniter\Database\MySQLi\Connection->connect(false)
#2 C:\xampp\htdocs\IFNMG\clientes\system\Database\BaseConnection.php(574): CodeIgniter\Database\BaseConnection->initialize()
#3 C:\xampp\htdocs\IFNMG\clientes\system\Database\BaseBuilder.php(1616): CodeIgniter\Database\BaseConnection->query('SELECT *\nFROM `...', Array, false)
#4 C:\xampp\htdocs\IFNMG\clientes\app\Models\ClienteModel.php(49): CodeIgniter\Database\BaseBuilder->get()
#5 C:\xampp\htdocs\IFNMG\clientes\app\Controllers\Home.php(15): App\Models\ClienteModel->getClientes()
#6 C:\xampp\htdocs\IFNMG\clientes\system\CodeIgniter.php(932): App\Controllers\Home->index()
#7 C:\xampp\htdocs\IFNMG\clientes\system\CodeIgniter.php(497): CodeIgniter\CodeIgniter->runController(Object(App\Controllers\Home))
#8 C:\xampp\htdocs\IFNMG\clientes\system\CodeIgniter.php(366): CodeIgniter\CodeIgniter->handleRequest(NULL, Object(Config\Cache), false)
#9 C:\xampp\htdocs\IFNMG\clientes\public\index.php(67): CodeIgniter\CodeIgniter->run()
#10 {main}

Next CodeIgniter\Database\Exceptions\DatabaseException: Unknown database 'clientes' in C:\xampp\htdocs\IFNMG\clientes\system\Database\MySQLi\Connection.php:218
Stack trace:
#0 C:\xampp\htdocs\IFNMG\clientes\system\Database\BaseConnection.php(391): CodeIgniter\Database\MySQLi\Connection->connect(false)
#1 C:\xampp\htdocs\IFNMG\clientes\system\Database\BaseConnection.php(574): CodeIgniter\Database\BaseConnection->initialize()
#2 C:\xampp\htdocs\IFNMG\clientes\system\Database\BaseBuilder.php(1616): CodeIgniter\Database\BaseConnection->query('SELECT *\nFROM `...', Array, false)
#3 C:\xampp\htdocs\IFNMG\clientes\app\Models\ClienteModel.php(49): CodeIgniter\Database\BaseBuilder->get()
#4 C:\xampp\htdocs\IFNMG\clientes\app\Controllers\Home.php(15): App\Models\ClienteModel->getClientes()
#5 C:\xampp\htdocs\IFNMG\clientes\system\CodeIgniter.php(932): App\Controllers\Home->index()
#6 C:\xampp\htdocs\IFNMG\clientes\system\CodeIgniter.php(497): CodeIgniter\CodeIgniter->runController(Object(App\Controllers\Home))
#7 C:\xampp\htdocs\IFNMG\clientes\system\CodeIgniter.php(366): CodeIgniter\CodeIgniter->handleRequest(NULL, Object(Config\Cache), false)
#8 C:\xampp\htdocs\IFNMG\clientes\public\index.php(67): CodeIgniter\CodeIgniter->run()
#9 {main}
CRITICAL - 2024-01-05 13:52:13 --> Unable to connect to the database.
Main connection [MySQLi]: Unknown database 'clientes'
in SYSTEMPATH\Database\BaseConnection.php on line 427.
 1 SYSTEMPATH\Database\BaseConnection.php(574): CodeIgniter\Database\BaseConnection->initialize()
 2 SYSTEMPATH\Database\BaseBuilder.php(1616): CodeIgniter\Database\BaseConnection->query('SELECT *
FROM `clientes`', [], false)
 3 APPPATH\Models\ClienteModel.php(49): CodeIgniter\Database\BaseBuilder->get()
 4 APPPATH\Controllers\Home.php(15): App\Models\ClienteModel->getClientes()
 5 SYSTEMPATH\CodeIgniter.php(932): App\Controllers\Home->index()
 6 SYSTEMPATH\CodeIgniter.php(497): CodeIgniter\CodeIgniter->runController(Object(App\Controllers\Home))
 7 SYSTEMPATH\CodeIgniter.php(366): CodeIgniter\CodeIgniter->handleRequest(null, Object(Config\Cache), false)
 8 FCPATH\index.php(67): CodeIgniter\CodeIgniter->run()
